  UnityBuild.cpp
C:\Users\Marc\Documents\GitHub\Online_Games\Multiplayer Game\Behaviours.h(93,52): warning C4244: 'return': conversión de 'float' a 'int'; posible pérdida de datos
C:\Users\Marc\Documents\GitHub\Online_Games\Multiplayer Game\Behaviours.cpp(293,23): warning C4244: '=': conversión de 'float' a 'uint8'; posible pérdida de datos
C:\Users\Marc\Documents\GitHub\Online_Games\Multiplayer Game\Behaviours.cpp(296,16): warning C4244: 'inicializando': conversión de 'int' a 'float'; posible pérdida de datos
C:\Users\Marc\Documents\GitHub\Online_Games\Multiplayer Game\Behaviours.cpp(304,64): warning C4244: 'argumento': conversión de 'float' a 'uint8'; posible pérdida de datos
C:\Users\Marc\Documents\GitHub\Online_Games\Multiplayer Game\Behaviours.cpp(304,16): warning C4244: 'inicializando': conversión de 'int' a 'float'; posible pérdida de datos
C:\Users\Marc\Documents\GitHub\Online_Games\Multiplayer Game\Behaviours.cpp(305,64): warning C4244: 'argumento': conversión de 'float' a 'uint8'; posible pérdida de datos
C:\Users\Marc\Documents\GitHub\Online_Games\Multiplayer Game\Behaviours.cpp(305,16): warning C4244: 'inicializando': conversión de 'int' a 'float'; posible pérdida de datos
C:\Users\Marc\Documents\GitHub\Online_Games\Multiplayer Game\Behaviours.cpp(607,79): warning C4244: 'argumento': conversión de 'float' a 'uint8'; posible pérdida de datos
C:\Users\Marc\Documents\GitHub\Online_Games\Multiplayer Game\Behaviours.cpp(607,14): warning C4244: 'inicializando': conversión de 'int' a 'float'; posible pérdida de datos
C:\Users\Marc\Documents\GitHub\Online_Games\Multiplayer Game\Behaviours.cpp(608,79): warning C4244: 'argumento': conversión de 'float' a 'uint8'; posible pérdida de datos
C:\Users\Marc\Documents\GitHub\Online_Games\Multiplayer Game\Behaviours.cpp(608,14): warning C4244: 'inicializando': conversión de 'int' a 'float'; posible pérdida de datos
C:\Users\Marc\Documents\GitHub\Online_Games\Multiplayer Game\Behaviours.cpp(675,30): warning C4838: la conversión de 'const int16' en 'float' requiere una conversión de restricción
C:\Users\Marc\Documents\GitHub\Online_Games\Multiplayer Game\Behaviours.cpp(675,39): warning C4838: la conversión de 'const int16' en 'float' requiere una conversión de restricción
C:\Users\Marc\Documents\GitHub\Online_Games\Multiplayer Game\Behaviours.cpp(751,62): warning C4244: 'argumento': conversión de 'float' a 'uint8'; posible pérdida de datos
C:\Users\Marc\Documents\GitHub\Online_Games\Multiplayer Game\Behaviours.cpp(751,27): warning C4244: 'inicializando': conversión de 'int' a 'float'; posible pérdida de datos
C:\Users\Marc\Documents\GitHub\Online_Games\Multiplayer Game\Behaviours.cpp(752,58): warning C4244: 'argumento': conversión de 'float' a 'uint8'; posible pérdida de datos
C:\Users\Marc\Documents\GitHub\Online_Games\Multiplayer Game\Behaviours.cpp(752,23): warning C4244: 'inicializando': conversión de 'int' a 'float'; posible pérdida de datos
C:\Users\Marc\Documents\GitHub\Online_Games\Multiplayer Game\Behaviours.cpp(755,62): warning C4244: 'argumento': conversión de 'float' a 'uint8'; posible pérdida de datos
C:\Users\Marc\Documents\GitHub\Online_Games\Multiplayer Game\Behaviours.cpp(755,15): warning C4244: 'inicializando': conversión de 'int' a 'float'; posible pérdida de datos
C:\Users\Marc\Documents\GitHub\Online_Games\Multiplayer Game\Behaviours.cpp(756,62): warning C4244: 'argumento': conversión de 'float' a 'uint8'; posible pérdida de datos
C:\Users\Marc\Documents\GitHub\Online_Games\Multiplayer Game\Behaviours.cpp(756,15): warning C4244: 'inicializando': conversión de 'int' a 'float'; posible pérdida de datos
C:\Users\Marc\Documents\GitHub\Online_Games\Multiplayer Game\Behaviours.cpp(790,62): warning C4244: 'argumento': conversión de 'float' a 'uint8'; posible pérdida de datos
C:\Users\Marc\Documents\GitHub\Online_Games\Multiplayer Game\Behaviours.cpp(790,15): warning C4244: 'inicializando': conversión de 'int' a 'float'; posible pérdida de datos
C:\Users\Marc\Documents\GitHub\Online_Games\Multiplayer Game\Behaviours.cpp(791,62): warning C4244: 'argumento': conversión de 'float' a 'uint8'; posible pérdida de datos
C:\Users\Marc\Documents\GitHub\Online_Games\Multiplayer Game\Behaviours.cpp(791,15): warning C4244: 'inicializando': conversión de 'int' a 'float'; posible pérdida de datos
C:\Users\Marc\Documents\GitHub\Online_Games\Multiplayer Game\Behaviours.cpp(793,62): warning C4244: 'argumento': conversión de 'float' a 'uint8'; posible pérdida de datos
C:\Users\Marc\Documents\GitHub\Online_Games\Multiplayer Game\Behaviours.cpp(793,27): warning C4244: 'inicializando': conversión de 'int' a 'float'; posible pérdida de datos
C:\Users\Marc\Documents\GitHub\Online_Games\Multiplayer Game\Behaviours.cpp(795,58): warning C4244: 'argumento': conversión de 'float' a 'uint8'; posible pérdida de datos
C:\Users\Marc\Documents\GitHub\Online_Games\Multiplayer Game\Behaviours.cpp(795,23): warning C4244: 'inicializando': conversión de 'int' a 'float'; posible pérdida de datos
C:\Users\Marc\Documents\GitHub\Online_Games\Multiplayer Game\Behaviours.cpp(833,70): warning C4244: 'argumento': conversión de 'float' a 'uint8'; posible pérdida de datos
C:\Users\Marc\Documents\GitHub\Online_Games\Multiplayer Game\Behaviours.cpp(833,39): warning C4244: '=': conversión de 'int' a 'float'; posible pérdida de datos
C:\Users\Marc\Documents\GitHub\Online_Games\Multiplayer Game\Behaviours.cpp(834,70): warning C4244: 'argumento': conversión de 'float' a 'uint8'; posible pérdida de datos
C:\Users\Marc\Documents\GitHub\Online_Games\Multiplayer Game\Behaviours.cpp(834,39): warning C4244: '=': conversión de 'int' a 'float'; posible pérdida de datos
C:\Users\Marc\Documents\GitHub\Online_Games\Multiplayer Game\Behaviours.cpp(839,63): warning C4244: 'argumento': conversión de 'float' a 'uint8'; posible pérdida de datos
C:\Users\Marc\Documents\GitHub\Online_Games\Multiplayer Game\Behaviours.cpp(839,38): warning C4244: '=': conversión de 'int' a 'float'; posible pérdida de datos
C:\Users\Marc\Documents\GitHub\Online_Games\Multiplayer Game\Behaviours.cpp(870,79): warning C4244: 'argumento': conversión de 'float' a 'uint8'; posible pérdida de datos
C:\Users\Marc\Documents\GitHub\Online_Games\Multiplayer Game\Behaviours.cpp(870,14): warning C4244: 'inicializando': conversión de 'int' a 'float'; posible pérdida de datos
C:\Users\Marc\Documents\GitHub\Online_Games\Multiplayer Game\Behaviours.cpp(871,79): warning C4244: 'argumento': conversión de 'float' a 'uint8'; posible pérdida de datos
C:\Users\Marc\Documents\GitHub\Online_Games\Multiplayer Game\Behaviours.cpp(871,14): warning C4244: 'inicializando': conversión de 'int' a 'float'; posible pérdida de datos
C:\Users\Marc\Documents\GitHub\Online_Games\Multiplayer Game\Behaviours.cpp(883,49): warning C4244: '=': conversión de 'float' a 'uint8'; posible pérdida de datos
C:\Users\Marc\Documents\GitHub\Online_Games\Multiplayer Game\ModuleNetworkingClient.cpp(153,40): warning C4018: '<': no coinciden signed/unsigned
C:\Users\Marc\Documents\GitHub\Online_Games\Multiplayer Game\ModuleNetworkingClient.cpp(223,42): warning C4244: '=': conversión de 'float' a 'int16'; posible pérdida de datos
C:\Users\Marc\Documents\GitHub\Online_Games\Multiplayer Game\ModuleNetworkingClient.cpp(224,42): warning C4244: '=': conversión de 'float' a 'int16'; posible pérdida de datos
C:\Users\Marc\Documents\GitHub\Online_Games\Multiplayer Game\ModuleNetworkingClient.cpp(232,28): warning C4244: '=': conversión de 'float' a 'int16'; posible pérdida de datos
C:\Users\Marc\Documents\GitHub\Online_Games\Multiplayer Game\ModuleNetworkingClient.cpp(233,28): warning C4244: '=': conversión de 'float' a 'int16'; posible pérdida de datos
C:\Users\Marc\Documents\GitHub\Online_Games\Multiplayer Game\ReplicationManagerServer.cpp(28,30): warning C4553: "==": el resultado de la expresión no se usa. ¿Quiso decir "="?
C:\Users\Marc\Documents\GitHub\Online_Games\Multiplayer Game\ModuleResources.cpp(38): warning C4715: 'ModuleResources::GetTextureByFile': no todas las rutas de acceso de control devuelven un valor
  Networks.vcxproj -> C:\Users\Marc\Documents\GitHub\Online_Games\Multiplayer Game\x64\Debug\Networks.exe
