d:\downloads\online_games\multiplayer game\x64\debug\networks.pch
d:\downloads\online_games\multiplayer game\x64\debug\vc142.pdb
d:\downloads\online_games\multiplayer game\x64\debug\vc142.idb
d:\downloads\online_games\multiplayer game\x64\debug\stdafx.obj
d:\downloads\online_games\multiplayer game\x64\debug\stb_image.obj
d:\downloads\online_games\multiplayer game\x64\debug\imgui_widgets.obj
d:\downloads\online_games\multiplayer game\x64\debug\imgui_impl_win32.obj
d:\downloads\online_games\multiplayer game\x64\debug\imgui_impl_dx11.obj
d:\downloads\online_games\multiplayer game\x64\debug\imgui_draw.obj
d:\downloads\online_games\multiplayer game\x64\debug\imgui_demo.obj
d:\downloads\online_games\multiplayer game\x64\debug\imgui.obj
d:\downloads\online_games\multiplayer game\x64\debug\unitybuild.obj
c:\users\marc\documents\github\online_games\multiplayer game\x64\debug\networks.exe
c:\users\marc\documents\github\online_games\multiplayer game\x64\debug\networks.ilk
c:\users\marc\documents\github\online_games\multiplayer game\x64\debug\networks.pdb
d:\downloads\online_games\multiplayer game\x64\debug\networks.ilk
d:\downloads\online_games\multiplayer game\x64\debug\networks.exe
d:\downloads\online_games\multiplayer game\x64\debug\networks.pdb
d:\downloads\online_games\multiplayer game\x64\debug\unitybuild.new.obj.enc
d:\downloads\online_games\multiplayer game\x64\debug\networks.tlog\cl.command.1.tlog
d:\downloads\online_games\multiplayer game\x64\debug\networks.tlog\cl.read.1.tlog
d:\downloads\online_games\multiplayer game\x64\debug\networks.tlog\cl.write.1.tlog
d:\downloads\online_games\multiplayer game\x64\debug\networks.tlog\link.command.1.tlog
d:\downloads\online_games\multiplayer game\x64\debug\networks.tlog\link.read.1.tlog
d:\downloads\online_games\multiplayer game\x64\debug\networks.tlog\link.write.1.tlog
